<?xml version="1.0" encoding="UTF-8"?>
<!-- Generated by org.testng.reporters.JUnitReportReporter -->
<testsuite hostname="SOWMYADEEPAN" failures="0" tests="1" name="com.myteststore.testcases.LoginTest" time="11.382" errors="0" timestamp="2024-06-21T13:26:18 IST" skipped="0">
  <testcase classname="com.myteststore.testcases.LoginTest" name="loginTest" time="11.382"/>
  <system-out/>
</testsuite> <!-- com.myteststore.testcases.LoginTest -->
