<?xml version="1.0" encoding="UTF-8"?>
<!-- Generated by org.testng.reporters.JUnitReportReporter -->
<testsuite hostname="SOWMYADEEPAN" failures="0" tests="1" name="com.myteststore.testcases.LoginTest" time="5.428" errors="0" timestamp="2024-04-29T11:36:34 IST" skipped="0">
  <testcase classname="com.myteststore.testcases.LoginTest" name="testcase1" time="5.428"/>
  <system-out/>
</testsuite> <!-- com.myteststore.testcases.LoginTest -->
