<?xml version="1.0" encoding="UTF-8"?>
<!-- Generated by org.testng.reporters.JUnitReportReporter -->
<testsuite hostname="SOWMYADEEPAN" failures="0" tests="1" name="com.myteststore.testcases.Sampletest" time="0.005" errors="0" timestamp="2024-04-26T18:11:22 IST" skipped="0">
  <testcase classname="com.myteststore.testcases.Sampletest" name="testcase1" time="0.005"/>
  <system-out/>
</testsuite> <!-- com.myteststore.testcases.Sampletest -->
